=== Gubbins Diagnostics for cluster cluster_2 ===
Sequence count: 7
Alignment length: 46008361
Input file checks:
Alignment file: cluster_2.core.full.aln - lrwxrwxrwx    1 1000     1000           101 Sep  6 07:42 cluster_2.core.full.aln -> /home/phemarajata/wf-assembly-snps-mod/work/c3/c3be2aa256a071857c7745e666a5a1/cluster_2.core.full.aln
Starting tree: cluster_2.treefile - lrwxrwxrwx    1 1000     1000            96 Sep  6 07:42 cluster_2.treefile -> /home/phemarajata/wf-assembly-snps-mod/work/f6/0a0a1ba3efd94e8aa30617f9ecbf4e/cluster_2.treefile
Running Gubbins with the following parameters:
  iterations: 3
  tree_builder: iqtree
  first_tree_builder: rapidnj
  min_snps: 5
  use_hybrid: true
  cpus: 8
Running Gubbins with hybrid mode...
Initial tree builder is not used if a starting tree is provided

--- Gubbins 3.3.5 ---

Croucher N. J., Page A. J., Connor T. R., Delaney A. J., Keane J. A., Bentley S. D., Parkhill J., Harris S.R. "Rapid phylogenetic analysis of large samples of recombinant bacterial whole genome sequences using Gubbins". Nucleic Acids Res. 2015 Feb 18;43(3):e15. doi: 10.1093/nar/gku1196.

Checking dependencies and input files...
Gubbins exit code: 0
WARNING: Output file cluster_2.filtered_polymorphic_sites.fasta is empty.
WARNING: Output file cluster_2.recombination_predictions.gff is empty.
WARNING: Output file cluster_2.node_labelled.final_tree.tre is empty.
