Running Snippy alignment for cluster cluster_2
Reference: /home/cdcadmin/wf-assembly-snps-mod/work/73/b0327fbf73b6cd89fc5ddc3daa9725/representative_id.txt
Samples: [IE-0003_S8_L001-SPAdes, IE-0004_S9_L001-SPAdes, IE-0005_S10_L001-SPAdes, IE-0006_S11_L001-SPAdes, IE-0007_S1_L001-SPAdes, IE-0009_S3_L001-SPAdes, IE-0010_S4_L001-SPAdes, IE-0011_S5_L001-SPAdes, IE-0012_S6_L001-SPAdes, IE-0013_S7_L001-SPAdes, IE-0014_S8_L001-SPAdes, IE-0015_S9_L001-SPAdes, IE-0016_S10_L001-SPAdes, IE-0017_S11_L001-SPAdes, IE-0018_S12_L001-SPAdes, IE-0019_S5-SPAdes, IE-0021_S7-SPAdes, IE-0022_S8-SPAdes, IE-0024_S10-SPAdes, IE-0026_S8-SPAdes, IP-0001-8_S1_L001-SPAdes, IP-0002-6_S2_L001-SPAdes, IP-0003-4_S3_L001-SPAdes, IP-0004-2_S4_L001-SPAdes, IP-0005-9_S5_L001-SPAdes, IP-0006-7_S6_L001-SPAdes, IP-0007-5_S7_L001-SPAdes, IP-0008-3_S8_L001-SPAdes, IP-0009-1_S9_L001-SPAdes, IP-0010-9_S10_L001-SPAdes, IP-0011-7_S2_L001-SPAdes, IP-0012-5_S3_L001-SPAdes, IP-0013-3_S4_L001-SPAdes, IP-0014-1_S5_L001-SPAdes, IP-0015-8_S6_L001-SPAdes, IP-0016-6_S7_L001-SPAdes, IP-0017-4_S8_L001-SPAdes, IP-0018-2_S9_L001-SPAdes, IP-0019-0_S10_L001-SPAdes, IP-0020-8_S11_L001-SPAdes, IP-0021-6_S1_L001-SPAdes, IP-0022-4_S2_L001-SPAdes, IP-0023-2_S3_L001-SPAdes, IP-0024-0_S4_L001-SPAdes, IP-0025-7_S5_L001-SPAdes, IP-0026-5_S6_L001-SPAdes, IP-0027-3_S7_L001-SPAdes, IP-0028-1_S8_L001-SPAdes, IP-0029-9_S9_L001-SPAdes, IP-0030-7_S10_L001-SPAdes]
Processing sample: IE-0003_S8_L001-SPAdes
Found assembly: IE-0003_S8_L001-SPAdes.fasta
Processing sample: IE-0004_S9_L001-SPAdes
Found assembly: IE-0004_S9_L001-SPAdes.fasta
Processing sample: IE-0005_S10_L001-SPAdes
Found assembly: IE-0005_S10_L001-SPAdes.fasta
Processing sample: IE-0006_S11_L001-SPAdes
Found assembly: IE-0006_S11_L001-SPAdes.fasta
Processing sample: IE-0007_S1_L001-SPAdes
Found assembly: IE-0007_S1_L001-SPAdes.fasta
Processing sample: IE-0009_S3_L001-SPAdes
Found assembly: IE-0009_S3_L001-SPAdes.fasta
Processing sample: IE-0010_S4_L001-SPAdes
Found assembly: IE-0010_S4_L001-SPAdes.fasta
Processing sample: IE-0011_S5_L001-SPAdes
Found assembly: IE-0011_S5_L001-SPAdes.fasta
Processing sample: IE-0012_S6_L001-SPAdes
Found assembly: IE-0012_S6_L001-SPAdes.fasta
Processing sample: IE-0013_S7_L001-SPAdes
Found assembly: IE-0013_S7_L001-SPAdes.fasta
Processing sample: IE-0014_S8_L001-SPAdes
Found assembly: IE-0014_S8_L001-SPAdes.fasta
Processing sample: IE-0015_S9_L001-SPAdes
Found assembly: IE-0015_S9_L001-SPAdes.fasta
Processing sample: IE-0016_S10_L001-SPAdes
Found assembly: IE-0016_S10_L001-SPAdes.fasta
Processing sample: IE-0017_S11_L001-SPAdes
Found assembly: IE-0017_S11_L001-SPAdes.fasta
Processing sample: IE-0018_S12_L001-SPAdes
Found assembly: IE-0018_S12_L001-SPAdes.fasta
Processing sample: IE-0019_S5-SPAdes
Found assembly: IE-0019_S5-SPAdes.fasta
Processing sample: IE-0021_S7-SPAdes
Found assembly: IE-0021_S7-SPAdes.fasta
Processing sample: IE-0022_S8-SPAdes
Found assembly: IE-0022_S8-SPAdes.fasta
Processing sample: IE-0024_S10-SPAdes
Found assembly: IE-0024_S10-SPAdes.fasta
Processing sample: IE-0026_S8-SPAdes
Found assembly: IE-0026_S8-SPAdes.fasta
Processing sample: IP-0001-8_S1_L001-SPAdes
Found assembly: IP-0001-8_S1_L001-SPAdes.fasta
Processing sample: IP-0002-6_S2_L001-SPAdes
Found assembly: IP-0002-6_S2_L001-SPAdes.fasta
Processing sample: IP-0003-4_S3_L001-SPAdes
Found assembly: IP-0003-4_S3_L001-SPAdes.fasta
Processing sample: IP-0004-2_S4_L001-SPAdes
Found assembly: IP-0004-2_S4_L001-SPAdes.fasta
Processing sample: IP-0005-9_S5_L001-SPAdes
Found assembly: IP-0005-9_S5_L001-SPAdes.fasta
Processing sample: IP-0006-7_S6_L001-SPAdes
Found assembly: IP-0006-7_S6_L001-SPAdes.fasta
Processing sample: IP-0007-5_S7_L001-SPAdes
Found assembly: IP-0007-5_S7_L001-SPAdes.fasta
Processing sample: IP-0008-3_S8_L001-SPAdes
Found assembly: IP-0008-3_S8_L001-SPAdes.fasta
Processing sample: IP-0009-1_S9_L001-SPAdes
Found assembly: IP-0009-1_S9_L001-SPAdes.fasta
Processing sample: IP-0010-9_S10_L001-SPAdes
Found assembly: IP-0010-9_S10_L001-SPAdes.fasta
Processing sample: IP-0011-7_S2_L001-SPAdes
Found assembly: IP-0011-7_S2_L001-SPAdes.fasta
Processing sample: IP-0012-5_S3_L001-SPAdes
Found assembly: IP-0012-5_S3_L001-SPAdes.fasta
Processing sample: IP-0013-3_S4_L001-SPAdes
Found assembly: IP-0013-3_S4_L001-SPAdes.fasta
Processing sample: IP-0014-1_S5_L001-SPAdes
Found assembly: IP-0014-1_S5_L001-SPAdes.fasta
Processing sample: IP-0015-8_S6_L001-SPAdes
Found assembly: IP-0015-8_S6_L001-SPAdes.fasta
Processing sample: IP-0016-6_S7_L001-SPAdes
Found assembly: IP-0016-6_S7_L001-SPAdes.fasta
Processing sample: IP-0017-4_S8_L001-SPAdes
Found assembly: IP-0017-4_S8_L001-SPAdes.fasta
Processing sample: IP-0018-2_S9_L001-SPAdes
Found assembly: IP-0018-2_S9_L001-SPAdes.fasta
Processing sample: IP-0019-0_S10_L001-SPAdes
Found assembly: IP-0019-0_S10_L001-SPAdes.fasta
Processing sample: IP-0020-8_S11_L001-SPAdes
Found assembly: IP-0020-8_S11_L001-SPAdes.fasta
Processing sample: IP-0021-6_S1_L001-SPAdes
Found assembly: IP-0021-6_S1_L001-SPAdes.fasta
Processing sample: IP-0022-4_S2_L001-SPAdes
Found assembly: IP-0022-4_S2_L001-SPAdes.fasta
Processing sample: IP-0023-2_S3_L001-SPAdes
Found assembly: IP-0023-2_S3_L001-SPAdes.fasta
Processing sample: IP-0024-0_S4_L001-SPAdes
Found assembly: IP-0024-0_S4_L001-SPAdes.fasta
Processing sample: IP-0025-7_S5_L001-SPAdes
Found assembly: IP-0025-7_S5_L001-SPAdes.fasta
Processing sample: IP-0026-5_S6_L001-SPAdes
Found assembly: IP-0026-5_S6_L001-SPAdes.fasta
Processing sample: IP-0027-3_S7_L001-SPAdes
Found assembly: IP-0027-3_S7_L001-SPAdes.fasta
Processing sample: IP-0028-1_S8_L001-SPAdes
Found assembly: IP-0028-1_S8_L001-SPAdes.fasta
Processing sample: IP-0029-9_S9_L001-SPAdes
Found assembly: IP-0029-9_S9_L001-SPAdes.fasta
Processing sample: IP-0030-7_S10_L001-SPAdes
Found assembly: IP-0030-7_S10_L001-SPAdes.fa
Found 50 successful Snippy runs
Warning: Core alignment not generated, creating minimal alignment
Snippy alignment completed for cluster cluster_2
Output alignment size: 100 bytes
Number of sequences: 1
