### echo snippy 4.6.0
### cd /home/cdcadmin/wf-assembly-snps-mod/work/3f/decd4a6f8e5f61daed0fc8bd5f2633

### /snippy-4.6.0/bin/snippy --outdir snippy_work/IP-0002-6_S2_L001-SPAdes --ref IP-0030-7_S10_L001-SPAdes.fa --ctgs IP-0002-6_S2_L001-SPAdes.fasta --cpus 16 --force

### samtools faidx reference/ref.fa


### bwa index reference/ref.fa

[bwa_index] Pack FASTA... 0.04 sec
[bwa_index] Construct BWT for the packed sequence...
[bwa_index] 1.71 seconds elapse.
[bwa_index] Update BWT... 0.04 sec
[bwa_index] Pack forward-only FASTA... 0.02 sec
[bwa_index] Construct SA from BWT and Occ... 0.48 sec
[main] Version: 0.7.17-r1188
[main] CMD: bwa index reference/ref.fa
[main] Real time: 2.299 sec; CPU: 2.290 sec

### mkdir -p reference/genomes && cp -f reference/ref.fa reference/genomes/ref.fa


### ln -sf reference/ref.fa .


### ln -sf reference/ref.fa.fai .


### mkdir -p reference/ref && gzip -c reference/ref.gff > reference/ref/genes.gff.gz


### bwa mem  -Y -M -R '@RG\tID:IP-0002-6_S2_L001-SPAdes\tSM:IP-0002-6_S2_L001-SPAdes' -t 16 reference/ref.fa fake_reads.fq | samclip --max 10 --ref reference/ref.fa.fai | samtools sort -n -l 0 -T /tmp --threads 7 -m 1000M | samtools fixmate -m --threads 7 - - | samtools sort -l 0 -T /tmp --threads 7 -m 1000M | samtools markdup -T /tmp --threads 7 -r -s - - > snps.bam

[markdup] warning: unable to calculate estimated library size. Read pairs 0 should be greater than duplicate pairs 0, which should both be non zero.
COMMAND: samtools markdup -T /tmp --threads 7 -r -s - -
READ: 557052
WRITTEN: 541236
EXCLUDED: 20119
EXAMINED: 536933
PAIRED: 0
SINGLE: 536933
DUPLICATE PAIR: 0
DUPLICATE SINGLE: 15816
DUPLICATE PAIR OPTICAL: 0
DUPLICATE SINGLE OPTICAL: 0
DUPLICATE NON PRIMARY: 0
DUPLICATE NON PRIMARY OPTICAL: 0
DUPLICATE PRIMARY TOTAL: 15816
DUPLICATE TOTAL: 15816
ESTIMATED_LIBRARY_SIZE: 0

### samtools index snps.bam


### fasta_generate_regions.py reference/ref.fa.fai 232459 > reference/ref.txt


### freebayes-parallel reference/ref.txt 16 -p 2 -P 0 -C 2 -F 0.05 --min-coverage 10 --min-repeat-entropy 1.0 -q 13 -m 60 --strict-vcf   -f reference/ref.fa snps.bam > snps.raw.vcf


### bcftools view --include 'FMT/GT="1/1" && QUAL>=100 && FMT/DP>=10 && (FMT/AO)/(FMT/DP)>=0' snps.raw.vcf  | vt normalize -r reference/ref.fa - | bcftools annotate --remove '^INFO/TYPE,^INFO/DP,^INFO/RO,^INFO/AO,^INFO/AB,^FORMAT/GT,^FORMAT/DP,^FORMAT/RO,^FORMAT/AO,^FORMAT/QR,^FORMAT/QA,^FORMAT/GL' > snps.filt.vcf


### cp snps.filt.vcf snps.vcf


### /snippy-4.6.0/bin/snippy-vcf_to_tab --gff reference/ref.gff --ref reference/ref.fa --vcf snps.vcf > snps.tab

Loading reference: reference/ref.fa
Loaded 205 sequences.
Loading features: reference/ref.gff
Parsing variants: snps.vcf
Converted 18588 SNPs to TAB format.

### /snippy-4.6.0/bin/snippy-vcf_extract_subs snps.filt.vcf > snps.subs.vcf


### bcftools convert -Oz -o snps.vcf.gz snps.vcf


### bcftools index -f snps.vcf.gz


### bcftools consensus --sample IP-0002-6_S2_L001-SPAdes -f reference/ref.fa -o snps.consensus.fa snps.vcf.gz

Applied 18588 variants

### bcftools convert -Oz -o snps.subs.vcf.gz snps.subs.vcf


### bcftools index -f snps.subs.vcf.gz


### bcftools consensus --sample IP-0002-6_S2_L001-SPAdes -f reference/ref.fa -o snps.consensus.subs.fa snps.subs.vcf.gz

Applied 18627 variants

### rm -f snps.subs.vcf.gz snps.subs.vcf.gz.csi snps.subs.vcf.gz.tbi


### rm -f fake_reads\.fq

